Running Sphinx v1.1.2
Cannot find xmosconf
loading pickled environment... not yet created
building [html]: targets for 6 source files that are out of date
updating environment: 6 added, 0 changed, 0 removed
reading sources... [ 16%] api-full
reading sources... [ 33%] api-master
Rendering Doxygen struct r_i2c
Rendering Doxygen function void i2c_master_init
Rendering Doxygen function int i2c_master_rx
Rendering Doxygen function int i2c_master_read_reg
Rendering Doxygen function int i2c_master_write_reg
reading sources... [ 50%] api-simple
Rendering Doxygen define I2C_BIT_TIME
Rendering Doxygen struct r_i2c
Rendering Doxygen function void i2c_master_init
Rendering Doxygen function int i2c_master_rx
Rendering Doxygen function int i2c_master_read_reg
Rendering Doxygen function int i2c_master_write_reg
reading sources... [ 66%] api-single-port
Rendering Doxygen define I2C_BIT_TIME
Rendering Doxygen define SCL_HIGH
Rendering Doxygen define SDA_HIGH
Rendering Doxygen define S_REST
Rendering Doxygen function void i2c_master_init
Rendering Doxygen function int i2c_master_rx
Rendering Doxygen function int i2c_master_read_reg
Rendering Doxygen function int i2c_master_write_reg
reading sources... [ 83%] index
reading sources... [100%] summary

/Users/henk/gitCommunity/sc_i2c/doc/api-simple.rst:35: WARNING: duplicate C object description of r_i2c, other instance in /Users/henk/gitCommunity/sc_i2c/doc/api-master.rst
/Users/henk/gitCommunity/sc_i2c/doc/api-simple.rst:47: WARNING: duplicate C object description of r_i2c.scl, other instance in /Users/henk/gitCommunity/sc_i2c/doc/api-master.rst
/Users/henk/gitCommunity/sc_i2c/doc/api-simple.rst:59: WARNING: duplicate C object description of r_i2c.sda, other instance in /Users/henk/gitCommunity/sc_i2c/doc/api-master.rst
/Users/henk/gitCommunity/sc_i2c/doc/api-simple.rst:40: WARNING: duplicate C object description of i2c_master_init, other instance in /Users/henk/gitCommunity/sc_i2c/doc/api-master.rst
/Users/henk/gitCommunity/sc_i2c/doc/api-simple.rst:42: WARNING: duplicate C object description of i2c_master_rx, other instance in /Users/henk/gitCommunity/sc_i2c/doc/api-master.rst
/Users/henk/gitCommunity/sc_i2c/doc/api-simple.rst:44: WARNING: duplicate C object description of i2c_master_read_reg, other instance in /Users/henk/gitCommunity/sc_i2c/doc/api-master.rst
/Users/henk/gitCommunity/sc_i2c/doc/api-simple.rst:46: WARNING: duplicate C object description of i2c_master_write_reg, other instance in /Users/henk/gitCommunity/sc_i2c/doc/api-master.rst
/Users/henk/gitCommunity/sc_i2c/doc/api-single-port.rst:34: WARNING: duplicate C object description of I2C_BIT_TIME, other instance in /Users/henk/gitCommunity/sc_i2c/doc/api-simple.rst
/Users/henk/gitCommunity/sc_i2c/doc/api-single-port.rst:45: WARNING: duplicate C object description of i2c_master_init, other instance in /Users/henk/gitCommunity/sc_i2c/doc/api-simple.rst
/Users/henk/gitCommunity/sc_i2c/doc/api-single-port.rst:47: WARNING: duplicate C object description of i2c_master_rx, other instance in /Users/henk/gitCommunity/sc_i2c/doc/api-simple.rst
/Users/henk/gitCommunity/sc_i2c/doc/api-single-port.rst:49: WARNING: duplicate C object description of i2c_master_read_reg, other instance in /Users/henk/gitCommunity/sc_i2c/doc/api-simple.rst
/Users/henk/gitCommunity/sc_i2c/doc/api-single-port.rst:51: WARNING: duplicate C object description of i2c_master_write_reg, other instance in /Users/henk/gitCommunity/sc_i2c/doc/api-simple.rst
looking for now-outdated files... none found
pickling environment... done
checking consistency... done
preparing documents... done
writing output... [ 16%] api-full
writing output... [ 33%] api-master
writing output... [ 50%] api-simple
writing output... [ 66%] api-single-port
writing output... [ 83%] index
writing output... [100%] summary

writing additional files... genindex search
copying static files... done
dumping search index... done
dumping object inventory... done
build succeeded, 12 warnings.
